<?xml version="1.0" encoding="UTF-8"?>
<beans xmlns="http://www.springframework.org/schema/beans"
	xmlns:xsi="http://www.w3.org/2001/XMLSchema-instance"
	xmlns:tx="http://www.springframework.org/schema/tx"
	xmlns:context="http://www.springframework.org/schema/context"
	xmlns:jpa="http://www.springframework.org/schema/data/jpa"
	xmlns:mvc="http://www.springframework.org/schema/mvc"	
	xmlns:jdbc="http://www.springframework.org/schema/jdbc"
	xsi:schemaLocation="http://www.springframework.org/schema/beans http://www.springframework.org/schema/beans/spring-beans-3.1.xsd
		http://www.springframework.org/schema/context http://www.springframework.org/schema/context/spring-context-3.1.xsd		
		http://www.springframework.org/schema/tx http://www.springframework.org/schema/tx/spring-tx-3.1.xsd
		http://www.springframework.org/schema/data/jpa http://www.springframework.org/schema/data/jpa/spring-jpa.xsd
		http://www.springframework.org/schema/jdbc http://www.springframework.org/schema/jdbc/spring-jdbc-3.2.xsd
		http://www.springframework.org/schema/mvc http://www.springframework.org/schema/mvc/spring-mvc-3.1.xsd">
		
	<context:annotation-config />
	<context:component-scan base-package="net.mikasa.mikasaweb" />

	<!-- DDBB Stuff -->
	<tx:annotation-driven transaction-manager="transactionManager" />
	<jpa:repositories base-package="net.mikasa.mikasaweb.dao"/>
	<bean class="org.springframework.orm.jpa.support.PersistenceAnnotationBeanPostProcessor" />
	<bean id="entityManagerFactory" class="org.springframework.orm.jpa.LocalContainerEntityManagerFactoryBean">
		<property name="dataSource" ref="dataSource" />
		<property name="jpaVendorAdapter">
			<bean class="org.springframework.orm.jpa.vendor.HibernateJpaVendorAdapter">
				<property name="showSql" value="false" />
			</bean>
		</property>
		<property name="packagesToScan">
			<list>
				<value>net.mikasa.mikasaweb.model</value>
			</list>
		</property>		
	</bean>	
	<jdbc:embedded-database id="dataSource">
		<jdbc:script location="file:src/main/db/Schema.sql"/>
		<jdbc:script location="file:src/main/db/MasterData.sql"/>
	</jdbc:embedded-database>	
	<bean id="transactionManager" class="org.springframework.orm.jpa.JpaTransactionManager"/>
	<bean class="org.springframework.orm.hibernate4.HibernateExceptionTranslator"/>

</beans>
