<?xml version="1.0" encoding="UTF-8"?>
<beans xmlns="http://www.springframework.org/schema/beans"
	xmlns:xsi="http://www.w3.org/2001/XMLSchema-instance"
	xmlns:tx="http://www.springframework.org/schema/tx"
	xmlns:context="http://www.springframework.org/schema/context"
	xmlns:jpa="http://www.springframework.org/schema/data/jpa"
	xmlns:mvc="http://www.springframework.org/schema/mvc"	
	xmlns:jdbc="http://www.springframework.org/schema/jdbc"
	xsi:schemaLocation="http://www.springframework.org/schema/beans http://www.springframework.org/schema/beans/spring-beans-3.1.xsd
		http://www.springframework.org/schema/context http://www.springframework.org/schema/context/spring-context-3.1.xsd		
		http://www.springframework.org/schema/tx http://www.springframework.org/schema/tx/spring-tx-3.1.xsd
		http://www.springframework.org/schema/data/jpa http://www.springframework.org/schema/data/jpa/spring-jpa.xsd
		http://www.springframework.org/schema/jdbc http://www.springframework.org/schema/jdbc/spring-jdbc-3.2.xsd
		http://www.springframework.org/schema/mvc http://www.springframework.org/schema/mvc/spring-mvc-3.1.xsd">
		
	<context:annotation-config />
	<context:component-scan base-package="net.mikasa.mikasaweb" />

	<!-- DDBB Stuff -->
	<tx:annotation-driven transaction-manager="transactionManager" />
	<jpa:repositories base-package="net.mikasa.mikasaweb.dao"/>
	<bean class="org.springframework.orm.jpa.support.PersistenceAnnotationBeanPostProcessor" />
	<jdbc:embedded-database id="dataSource" type="H2"/>
	<bean id="entityManagerFactory" class="org.springframework.orm.jpa.LocalContainerEntityManagerFactoryBean">
		<property name="dataSource" ref="dataSource" />
		<property name="jpaVendorAdapter">
			<bean class="org.springframework.orm.jpa.vendor.HibernateJpaVendorAdapter">
				<property name="showSql" value="false" />
			</bean>
		</property>
		<property name="packagesToScan">
			<list>
				<value>net.mikasa.mikasaweb.model</value>
			</list>
		</property>
		<property name="jpaProperties">
			<props>
				<prop key="hibernate.hbm2ddl.auto">create</prop>
				<prop key="hibernate.dialect">org.hibernate.dialect.H2Dialect</prop>
			</props>
		</property>		
	</bean>
	<!-- DBUnit stuff -->
	<bean id="h2DataTypeFactory" class="org.dbunit.ext.h2.H2DataTypeFactory"/>
	<bean id="dbUnitDatabaseConnection" class="com.github.springtestdbunit.bean.DatabaseDataSourceConnectionFactoryBean">
		<property name="databaseConfig" ref="dbUnitDatabaseConfig"/>
		<property name="dataSource" ref="dataSource"/>
	</bean>
	<bean id="dbUnitDatabaseConfig" class="com.github.springtestdbunit.bean.DatabaseConfigBean">
		<property name="datatypeFactory" ref="h2DataTypeFactory" />
	</bean>	
	
	<bean id="transactionManager" class="org.springframework.orm.jpa.JpaTransactionManager"/>
	<bean class="org.springframework.orm.hibernate4.HibernateExceptionTranslator"/>

</beans>
